<?xml version="1.0" encoding="UTF-8"?>
<!-- Generated by org.testng.reporters.JUnitXMLReporter -->
<testsuite hostname="DIN16002798" ignored="0" tests="1" failures="0" timestamp="04 Jan 2017 13:21:27 GMT" time="0.12" errors="0">
  <testcase name="@BeforeTest setUp" time="0.0" classname="TestLocalRun">
    <failure type="java.lang.IllegalStateException" message="The driver executable does not exist: D:\Workspace\SeleniumTest\.\src\chromedriver.exe">
      <![CDATA[java.lang.IllegalStateException: The driver executable does not exist: D:\Workspace\SeleniumTest\.\src\chromedriver.exe
	at com.google.common.base.Preconditions.checkState(Preconditions.java:199)
	at org.openqa.selenium.remote.service.DriverService.checkExecutable(DriverService.java:121)
	at org.openqa.selenium.remote.service.DriverService.findExecutable(DriverService.java:116)
	at org.openqa.selenium.chrome.ChromeDriverService.access$000(ChromeDriverService.java:32)
	at org.openqa.selenium.chrome.ChromeDriverService$Builder.findDefaultExecutable(ChromeDriverService.java:137)
	at org.openqa.selenium.remote.service.DriverService$Builder.build(DriverService.java:296)
	at org.openqa.selenium.chrome.ChromeDriverService.createDefaultService(ChromeDriverService.java:88)
	at org.openqa.selenium.chrome.ChromeDriver.<init>(ChromeDriver.java:120)
	at TestLocalRun.setUp(TestLocalRun.java:24)
... Removed 23 stack frames]]>
    </failure>
  </testcase> <!-- @BeforeTest setUp -->
  <testcase name="@AfterTest tearDown" time="0.0" classname="TestLocalRun">
    <skipped/>
  </testcase> <!-- @AfterTest tearDown -->
  <testcase name="testGoogleSearch" time="0.018" classname="TestLocalRun">
    <skipped/>
  </testcase> <!-- testGoogleSearch -->
</testsuite>
