<?xml version="1.0" encoding="UTF-8"?>
<testng-results skipped="0" failed="0" ignored="0" total="1" passed="1">
  <reporter-output>
  </reporter-output>
  <suite name="Default suite" duration-ms="15888" started-at="2017-01-05T04:52:33Z" finished-at="2017-01-05T04:52:49Z">
    <groups>
    </groups>
    <test name="Default test" duration-ms="15888" started-at="2017-01-05T04:52:33Z" finished-at="2017-01-05T04:52:49Z">
      <class name="TestLocalRun">
        <test-method status="PASS" signature="setUp()[pri:0, instance:TestLocalRun@1810399e]" name="setUp" is-config="true" duration-ms="10339" started-at="2017-01-05T10:22:33Z" finished-at="2017-01-05T10:22:43Z">
          <reporter-output>
          </reporter-output>
        </test-method> <!-- setUp -->
        <test-method status="PASS" signature="testGoogleSearch()[pri:0, instance:TestLocalRun@1810399e]" name="testGoogleSearch" duration-ms="1930" started-at="2017-01-05T10:22:43Z" finished-at="2017-01-05T10:22:45Z">
          <reporter-output>
          </reporter-output>
        </test-method> <!-- testGoogleSearch -->
        <test-method status="PASS" signature="tearDown()[pri:0, instance:TestLocalRun@1810399e]" name="tearDown" is-config="true" duration-ms="3597" started-at="2017-01-05T10:22:45Z" finished-at="2017-01-05T10:22:49Z">
          <reporter-output>
          </reporter-output>
        </test-method> <!-- tearDown -->
      </class> <!-- TestLocalRun -->
    </test> <!-- Default test -->
  </suite> <!-- Default suite -->
</testng-results>
